could not delete C:\Program Files\SmartBear\SoapUI-5.4.0\.install4j\SoapUIUpdater.exe
could not delete C:\Program Files\SmartBear\SoapUI-5.4.0\.install4j\SoapUIUpdater.exe
could not delete C:\Program Files\SmartBear\SoapUI-5.4.0\.install4j\SoapUIUpdater.exe
could not delete C:\Program Files\SmartBear\SoapUI-5.4.0\uninstall.exe
could not delete C:\Program Files\SmartBear\SoapUI-5.4.0\bin\SoapUI-5.4.0.exe
could not delete C:\Program Files\SmartBear\SoapUI-5.4.0\.install4j\i4jdel.exe
java.io.FileNotFoundException: C:\Program Files\SmartBear\SoapUI-5.4.0\jre\bin\api-ms-win-core-console-l1-1-0.dll (Access is denied)
	at java.io.FileOutputStream.open0(Native Method)
	at java.io.FileOutputStream.open(Unknown Source)
	at java.io.FileOutputStream.<init>(Unknown Source)
	at java.io.FileOutputStream.<init>(Unknown Source)
	at com.exe4j.runtime.util.FileUtil.copyFile(Unknown Source)
	at com.exe4j.runtime.util.FileUtil.copyDirectory(Unknown Source)
	at com.exe4j.runtime.util.FileUtil.copyDirectory(Unknown Source)
	at com.exe4j.runtime.util.FileUtil.copyDirectory(Unknown Source)
	at com.install4j.runtime.installer.helper.content.JreInstaller.rollback(Unknown Source)
	at com.install4j.runtime.installer.helper.content.ContentInstaller$4.run(Unknown Source)
	at com.install4j.runtime.installer.helper.comm.actions.RunAction.execute(Unknown Source)
	at com.install4j.runtime.installer.helper.comm.HelperCommunication.executeActionDirect(Unknown Source)
	at com.install4j.runtime.installer.helper.comm.HelperCommunication.executeActionInt(Unknown Source)
	at com.install4j.runtime.installer.helper.comm.HelperCommunication.executeAction(Unknown Source)
	at com.install4j.runtime.installer.helper.content.ContentInstaller.rollbackInt(Unknown Source)
	at com.install4j.runtime.installer.helper.content.ContentInstaller.rollback(Unknown Source)
	at com.install4j.runtime.beans.actions.InstallFilesAction.rollback(Unknown Source)
	at com.install4j.runtime.installer.InstallerContextImpl$3.run(Unknown Source)
	at com.install4j.runtime.installer.helper.comm.actions.RunAction.execute(Unknown Source)
	at com.install4j.runtime.installer.helper.comm.HelperCommunication.executeActionDirect(Unknown Source)
	at com.install4j.runtime.installer.helper.comm.HelperCommunication.executeActionInt(Unknown Source)
	at com.install4j.runtime.installer.helper.comm.HelperCommunication.executeAction(Unknown Source)
	at com.install4j.runtime.installer.InstallerContextImpl.rollbackActionIntStatic(Unknown Source)
	at com.install4j.runtime.installer.InstallerContextImpl.rollbackActionInt(Unknown Source)
	at com.install4j.runtime.installer.ContextImpl.rollbackAction(Unknown Source)
	at com.install4j.runtime.installer.controller.Controller.rollback(Unknown Source)
	at com.install4j.runtime.installer.controller.Controller.handleCommand(Unknown Source)
	at com.install4j.runtime.installer.controller.Controller.start(Unknown Source)
	at com.install4j.runtime.installer.Installer.runInProcess(Unknown Source)
	at com.install4j.runtime.installer.Installer.main(Unknown Source)
	at sun.reflect.NativeMethodAccessorImpl.invoke0(Native Method)
	at sun.reflect.NativeMethodAccessorImpl.invoke(Unknown Source)
	at sun.reflect.DelegatingMethodAccessorImpl.invoke(Unknown Source)
	at java.lang.reflect.Method.invoke(Unknown Source)
	at com.exe4j.runtime.LauncherEngine.launch(Unknown Source)
	at com.exe4j.runtime.WinLauncher.main(Unknown Source)
	at com.install4j.runtime.launcher.WinLauncher.main(Unknown Source)
